------------------------------------------------------------
/usr/bin/pip run on Thu Apr 20 02:22:59 2017
Getting page https://pypi.python.org/simple/tensorflow-gpu/
URLs to search for versions for tensorflow-gpu in /usr/local/lib/python2.7/dist-packages:
* https://pypi.python.org/simple/tensorflow-gpu/
Analyzing links from page https://pypi.python.org/simple/tensorflow-gpu/
  Skipping https://pypi.python.org/packages/00/57/af755383e00ce4f992f7d6872c9a06a6921bc286e6c559c17f548467364b/tensorflow_gpu-1.0.0-cp34-cp34m-manylinux1_x86_64.whl#md5=0219f5996e6ec76a0713ebab7421e35f (from https://pypi.python.org/simple/tensorflow-gpu/) because it is not compatible with this Python
  Skipping https://pypi.python.org/packages/04/c4/ffb89dbea9e43e82665ff088fd08aa25aa93301aa8c480de278c8f576ea1/tensorflow_gpu-1.0.1-cp27-cp27mu-manylinux1_x86_64.whl#md5=c06b11dee765a99b1814ca393aaf558a (from https://pypi.python.org/simple/tensorflow-gpu/) because it is not compatible with this Python
  Skipping https://pypi.python.org/packages/0d/cb/25f2cdd8905070373945c1f57edbe9d5f51a4482aa7097e5613cbdc4a41f/tensorflow_gpu-1.1.0rc2-cp35-cp35m-win_amd64.whl#md5=80ccd71614b438ffe8af3cd0dd572d3b (from https://pypi.python.org/simple/tensorflow-gpu/) because it is not compatible with this Python
  Skipping https://pypi.python.org/packages/0e/be/798a7c55479a17f49efa4e8cf881d6fc59750c32f37d2c19f9b783e919fe/tensorflow_gpu-1.1.0rc0-cp33-cp33m-macosx_10_11_x86_64.whl#md5=23c8553edab776e068a6263c49df1c38 (from https://pypi.python.org/simple/tensorflow-gpu/) because it is not compatible with this Python
  Skipping https://pypi.python.org/packages/16/e9/cddaafe5b2e94eb1041978a0a24fac4663705c567189d310f71965aec4d8/tensorflow_gpu-0.12.0-cp34-cp34m-manylinux1_x86_64.whl#md5=2a47dab311cf6b40e45c66ffe3f65fb3 (from https://pypi.python.org/simple/tensorflow-gpu/) because it is not compatible with this Python
  Skipping https://pypi.python.org/packages/18/7c/ffea6b725f91f31cc47ea540b8cbd9758167e6c7687e6e10bef576d20ba3/tensorflow_gpu-1.1.0rc1-cp36-cp36m-manylinux1_x86_64.whl#md5=a1980ece9f9eff17d21202a0e6becac1 (from https://pypi.python.org/simple/tensorflow-gpu/) because it is not compatible with this Python
  Skipping https://pypi.python.org/packages/19/8c/cc95c5cc62819b07392c75d1e4b1e5cd557d992fbafa132017b120b46366/tensorflow_gpu-1.1.0rc2-cp36-cp36m-macosx_10_11_x86_64.whl#md5=5afc749d971cca0e37aa66d000480b0c (from https://pypi.python.org/simple/tensorflow-gpu/) because it is not compatible with this Python
  Skipping https://pypi.python.org/packages/23/1e/97cf183733d37c930fcdc3ddffa0e1416c7bab0c789138c4a2bf42e235d7/tensorflow_gpu-1.1.0rc0-cp36-cp36m-macosx_10_11_x86_64.whl#md5=2ce5492b3bc4f9a91f0db6bcf7d5cefa (from https://pypi.python.org/simple/tensorflow-gpu/) because it is not compatible with this Python
  Skipping https://pypi.python.org/packages/25/9d/f0a62cda5fe573027e871b8a450274f7fea0804737c8a961e0c345d54b0c/tensorflow_gpu-0.12.1-cp36-cp36m-macosx_10_11_x86_64.whl#md5=b8d2128a054fe0632a4031306ff8df3d (from https://pypi.python.org/simple/tensorflow-gpu/) because it is not compatible with this Python
  Skipping https://pypi.python.org/packages/31/17/a73e0cdb95b1100179b3ee7d5e0261ebca90d77704000f7270333389c8e5/tensorflow_gpu-1.1.0rc1-cp35-cp35m-win_amd64.whl#md5=ea87dd2d5d4be3daa03e7139cc97d797 (from https://pypi.python.org/simple/tensorflow-gpu/) because it is not compatible with this Python
  Skipping https://pypi.python.org/packages/31/20/e3ecee0595dd424791f1aecc9ed74b402eb7047d5cc2d3fd1d5f1c3d522f/tensorflow_gpu-0.12.0-cp35-cp35m-manylinux1_x86_64.whl#md5=b8f2225cc49a88f4d1a266dc4d3bf990 (from https://pypi.python.org/simple/tensorflow-gpu/) because it is not compatible with this Python
  Skipping https://pypi.python.org/packages/31/ee/651736436f5b11ab0f7c642314548cd7081ce07cba3f7499df3f3fbd7d60/tensorflow_gpu-0.12.0rc1-cp35-cp35m-manylinux1_x86_64.whl#md5=af28fcbae7b3dc85fd296239ff2e2dfb (from https://pypi.python.org/simple/tensorflow-gpu/) because it is not compatible with this Python
  Skipping https://pypi.python.org/packages/37/2d/13d2813a23bb4f323da7c825b63d54b2bdbced4a78ea5b24170ee5d125f9/tensorflow_gpu-1.0.1-cp27-cp27m-macosx_10_11_intel.whl#md5=1c7924759414fe64988bfdc9939ea63a (from https://pypi.python.org/simple/tensorflow-gpu/) because it is not compatible with this Python
  Skipping https://pypi.python.org/packages/37/db/3b3393fb2fcac66a3c06f488642b73c37bdfe3cf4b3cb20dc9e38a9f23a7/tensorflow_gpu-1.0.0-cp27-cp27m-macosx_10_11_intel.whl#md5=b232e410ccdda7dd0838be65aa3f3a43 (from https://pypi.python.org/simple/tensorflow-gpu/) because it is not compatible with this Python
  Skipping https://pypi.python.org/packages/3a/a3/c3bb8b851f2b28fe605c2a95df2d450e30ad421670950be0cad3af4cb4db/tensorflow_gpu-0.12.0rc1-cp35-cp35m-win_amd64.whl#md5=55f76575e827cc0c1216241744cb3546 (from https://pypi.python.org/simple/tensorflow-gpu/) because it is not compatible with this Python
  Skipping https://pypi.python.org/packages/46/e2/7389e7a1c10eb209ddabe0b35cca2e522a3985a1df7e07904c76d1d5609c/tensorflow_gpu-1.0.0-cp36-cp36m-manylinux1_x86_64.whl#md5=3f5190fae36bea277863699e8d7cad1c (from https://pypi.python.org/simple/tensorflow-gpu/) because it is not compatible with this Python
  Skipping https://pypi.python.org/packages/47/27/a18b4b877e00e437e88730b63795e35e84f9e2c5a159152347e7ce844de9/tensorflow_gpu-1.0.1-cp33-cp33m-macosx_10_11_x86_64.whl#md5=230bd824132354c4f2d04305989d0196 (from https://pypi.python.org/simple/tensorflow-gpu/) because it is not compatible with this Python
  Skipping https://pypi.python.org/packages/47/78/3f3eb3d4e3023e2c143f31c3179ec548dbb485912fc2a6d353e7705fba42/tensorflow_gpu-1.1.0rc0-cp34-cp34m-manylinux1_x86_64.whl#md5=d1e32c308e0d28e30d6feb5b25a43301 (from https://pypi.python.org/simple/tensorflow-gpu/) because it is not compatible with this Python
  Skipping https://pypi.python.org/packages/4b/ef/dbba13068821e6be2b06f591152caffb22e1e8a81b7cb092f2706077709a/tensorflow_gpu-1.1.0rc1-cp27-cp27m-macosx_10_11_x86_64.whl#md5=134e18d7c0f0d13d572170977a295306 (from https://pypi.python.org/simple/tensorflow-gpu/) because it is not compatible with this Python
  Skipping https://pypi.python.org/packages/50/6f/5802568368f3c23acbb9aebdab801889181c9ead3e14ce3245ef6eff078d/tensorflow_gpu-0.12.1-cp35-cp35m-manylinux1_x86_64.whl#md5=32b15e32c2e914e039e0975f29bf3ccc (from https://pypi.python.org/simple/tensorflow-gpu/) because it is not compatible with this Python
  Skipping https://pypi.python.org/packages/55/4f/cf59f26feb467122ee4a1e7ca37f718dc545bcc3a6d09d0c9749e7eeac55/tensorflow_gpu-0.12.1-cp34-cp34m-manylinux1_x86_64.whl#md5=e4b350fd09afcef6bef146306ffa7cd4 (from https://pypi.python.org/simple/tensorflow-gpu/) because it is not compatible with this Python
  Skipping https://pypi.python.org/packages/5a/9f/690e244609537d7ab739a29f4abad79e9e3a36a2937ebbecf2c894c93e7e/tensorflow_gpu-0.12.1-cp27-cp27mu-manylinux1_x86_64.whl#md5=f1b82311410c8aaa2ae2bd51fa830e69 (from https://pypi.python.org/simple/tensorflow-gpu/) because it is not compatible with this Python
  Skipping https://pypi.python.org/packages/5c/2a/347bc5cb145f97c0d79de8f3017fb7d6a42b638b06c2ea2ac1097cddc2a7/tensorflow_gpu-1.1.0rc2-cp34-cp34m-macosx_10_11_x86_64.whl#md5=64b4748fb06297101f3152617df22337 (from https://pypi.python.org/simple/tensorflow-gpu/) because it is not compatible with this Python
  Skipping https://pypi.python.org/packages/5d/7c/ecd5e3009cc85b41a5313eb09693ddc976cf4afe694b6e151709810c944c/tensorflow_gpu-1.0.1-cp35-cp35m-manylinux1_x86_64.whl#md5=144baae1d0446e34426457721c1e0c90 (from https://pypi.python.org/simple/tensorflow-gpu/) because it is not compatible with this Python
  Skipping https://pypi.python.org/packages/63/1e/e4604fe41d4d515da1f6ad4a4f19ffa866055456c5b28e0549c93c072bd9/tensorflow_gpu-1.0.0-cp36-cp36m-macosx_10_11_x86_64.whl#md5=7b73d521fa396e3da45b9fbc3505c357 (from https://pypi.python.org/simple/tensorflow-gpu/) because it is not compatible with this Python
  Skipping https://pypi.python.org/packages/66/84/0b5c25eeb5466fc85e6f478b8e3f15460b89c0854acda63dc850a3c9bd53/tensorflow_gpu-1.1.0rc0-cp27-cp27m-macosx_10_11_x86_64.whl#md5=de70f95a43e40cae21e7df85d49febd0 (from https://pypi.python.org/simple/tensorflow-gpu/) because it is not compatible with this Python
  Skipping https://pypi.python.org/packages/67/27/37c75a64402c913fac3dd262447dc1a967e799100aea79eb5c53e801484b/tensorflow_gpu-0.12.0rc1-cp34-cp34m-manylinux1_x86_64.whl#md5=78198bef0a3842db5ff2ddd668fc670f (from https://pypi.python.org/simple/tensorflow-gpu/) because it is not compatible with this Python
  Skipping https://pypi.python.org/packages/6a/5b/09bb0bd72f4c5f5f6823d86372cc0232941a311c21fec766ce016e5bd2ba/tensorflow_gpu-0.12.1-cp36-cp36m-manylinux1_x86_64.whl#md5=9f0448327f2be850d807cc1787388f76 (from https://pypi.python.org/simple/tensorflow-gpu/) because it is not compatible with this Python
  Skipping https://pypi.python.org/packages/6d/61/903d434b9bd61eca9aeb4aa535e8ed3e1d081fa2aafcb5407e0a431401ce/tensorflow_gpu-1.0.0-cp35-cp35m-manylinux1_x86_64.whl#md5=a3f12edbfdd253fe7a5405f79a28149b (from https://pypi.python.org/simple/tensorflow-gpu/) because it is not compatible with this Python
  Skipping https://pypi.python.org/packages/74/ac/68a41ccef2d1b2014327f43ad15e26a755a62bb10eb51d5090e4cbcdc763/tensorflow_gpu-0.12.1-cp35-cp35m-macosx_10_11_x86_64.whl#md5=3d199d867839a077a27238caa84b49b5 (from https://pypi.python.org/simple/tensorflow-gpu/) because it is not compatible with this Python
  Skipping https://pypi.python.org/packages/74/fd/ba27fdc2bb340e16d7c44ad511fea6b6a2ded33b7e150ca43f09980b3f9e/tensorflow_gpu-1.1.0rc2-cp35-cp35m-macosx_10_11_x86_64.whl#md5=09b1ad49fd7c34605af50ad617fef1b3 (from https://pypi.python.org/simple/tensorflow-gpu/) because it is not compatible with this Python
  Skipping https://pypi.python.org/packages/78/e7/681c7ab0ab5efe51fd71bb50db9ef1d00312df69755bbad53ebb6100ab5d/tensorflow_gpu-1.1.0rc2-cp36-cp36m-manylinux1_x86_64.whl#md5=837b77c371fc7c04a27923e8f3eda2a6 (from https://pypi.python.org/simple/tensorflow-gpu/) because it is not compatible with this Python
  Skipping https://pypi.python.org/packages/7a/5c/a46b964a30efb3fc6d9d08bd973810d529d336491238ea92f38eb90b11a8/tensorflow_gpu-1.0.0-cp27-cp27mu-manylinux1_x86_64.whl#md5=daf689a62d5ff04058e21a6797cc1cd4 (from https://pypi.python.org/simple/tensorflow-gpu/) because it is not compatible with this Python
  Skipping https://pypi.python.org/packages/7e/49/b1d27b5e6ef3555cdc7b454523def4de83f24b0b4fc58b53cb53a032fac8/tensorflow_gpu-0.12.0rc1-cp27-cp27m-macosx_10_11_intel.whl#md5=33dbfee5e7cf9749150e4d463441ed44 (from https://pypi.python.org/simple/tensorflow-gpu/) because it is not compatible with this Python
  Skipping https://pypi.python.org/packages/86/6e/05494acab52976660957f95a1e8c626300c252012ae1dfb5fab6a3951215/tensorflow_gpu-1.0.1-cp34-cp34m-manylinux1_x86_64.whl#md5=93dbbaa5c49ef133712aca34fe07c278 (from https://pypi.python.org/simple/tensorflow-gpu/) because it is not compatible with this Python
  Skipping https://pypi.python.org/packages/88/78/38c0428414ed69757b69fb84b394fd2580fc9a27d3a6f50e60b38e8930d7/tensorflow_gpu-0.12.0-cp35-cp35m-win_amd64.whl#md5=469860193c8fa558baf2d3d4564eb140 (from https://pypi.python.org/simple/tensorflow-gpu/) because it is not compatible with this Python
  Skipping https://pypi.python.org/packages/89/55/cf689acd71feb894c6069a2ddf8f4f25b3c75e710051047a6e5b79712521/tensorflow_gpu-1.1.0rc2-cp27-cp27m-macosx_10_11_x86_64.whl#md5=2689b06a780291077c1ce40ab9773b07 (from https://pypi.python.org/simple/tensorflow-gpu/) because it is not compatible with this Python
  Skipping https://pypi.python.org/packages/8e/9c/68e83ca4d5dd1926d816714ef571fc55479e38cb210847478aab9602d8b1/tensorflow_gpu-1.1.0rc2-cp35-cp35m-manylinux1_x86_64.whl#md5=d082366875837955dfe221cead137fa1 (from https://pypi.python.org/simple/tensorflow-gpu/) because it is not compatible with this Python
  Skipping https://pypi.python.org/packages/90/1c/1548927de75a68a7cd4d407fd4018b9da3b96ffba1502d305e8b2a3c7f1d/tensorflow_gpu-0.12.1-cp27-cp27m-macosx_10_11_intel.whl#md5=d52f95e7dfde2954e8268cf1a5c02ed6 (from https://pypi.python.org/simple/tensorflow-gpu/) because it is not compatible with this Python
  Skipping https://pypi.python.org/packages/91/74/a32889f0b515b067790dadb0d6a4ac55ec13b33b636502452124201a620c/tensorflow_gpu-1.0.1-cp34-cp34m-macosx_10_11_x86_64.whl#md5=563cb448a3764e2a12a8e2bb7cf22658 (from https://pypi.python.org/simple/tensorflow-gpu/) because it is not compatible with this Python
  Skipping https://pypi.python.org/packages/92/4f/3f20433f514a3c17aad48ce1b13b785b939ee08edfd152674cf89c4cafd9/tensorflow_gpu-1.0.1-cp36-cp36m-macosx_10_11_x86_64.whl#md5=1b4752a8f7ab7eb60d0c2538d2c6074c (from https://pypi.python.org/simple/tensorflow-gpu/) because it is not compatible with this Python
  Skipping https://pypi.python.org/packages/97/b8/c356739e174853defbe959504e36ff1ab457f14f6843ecfc70bd283f6c89/tensorflow_gpu-0.12.0-cp27-cp27mu-manylinux1_x86_64.whl#md5=4e65d3c03e403e12f65f302dc2cd4206 (from https://pypi.python.org/simple/tensorflow-gpu/) because it is not compatible with this Python
  Skipping https://pypi.python.org/packages/a0/92/e06934b5b24d003a359acfd7b9927969f95436f28b69493a8251eda512ab/tensorflow_gpu-1.0.0-cp33-cp33m-manylinux1_x86_64.whl#md5=c9c8a4616a980d895ccad58cddd6ba63 (from https://pypi.python.org/simple/tensorflow-gpu/) because it is not compatible with this Python
  Skipping https://pypi.python.org/packages/a1/3f/d2ce7c42b6fbb3dd5fdb9a6ad5dee42b2758cefc82f12000ba947b49a295/tensorflow_gpu-1.1.0rc1-cp34-cp34m-macosx_10_11_x86_64.whl#md5=0e86128eaba3842f6ebd633ff3219fc7 (from https://pypi.python.org/simple/tensorflow-gpu/) because it is not compatible with this Python
  Skipping https://pypi.python.org/packages/a6/1e/3b6d42c801e4d9713287f52fad39b337ea27640d4075dba1c74214834e87/tensorflow_gpu-1.0.0-cp35-cp35m-macosx_10_11_x86_64.whl#md5=51143b04be6813c6d49b806d212e6730 (from https://pypi.python.org/simple/tensorflow-gpu/) because it is not compatible with this Python
  Skipping https://pypi.python.org/packages/aa/8e/a209a8a1a6eb3d7053ccbd104a3ca251cda2baacd3c77145f2b140e7f734/tensorflow_gpu-0.12.1-cp33-cp33m-manylinux1_x86_64.whl#md5=523b3590d1ce9dc4c870e155f9c020b8 (from https://pypi.python.org/simple/tensorflow-gpu/) because it is not compatible with this Python
  Skipping https://pypi.python.org/packages/ad/70/4ed5a455f0e64b357c844c348e3ad6bc1424ed9fc1b99e7e09d5eebffb12/tensorflow_gpu-1.1.0rc0-cp27-cp27mu-manylinux1_x86_64.whl#md5=49e8b1249e3c6b744b19f7b48f0cd239 (from https://pypi.python.org/simple/tensorflow-gpu/) because it is not compatible with this Python
  Skipping https://pypi.python.org/packages/ae/9f/2d853ce10cebf12d15d9f4a65e9da76c02cef28c49c2ffc14f72c0934634/tensorflow_gpu-0.12.0rc1-cp35-cp35m-macosx_10_11_x86_64.whl#md5=d6e8b7d624b14efbbf74e31d97c43f29 (from https://pypi.python.org/simple/tensorflow-gpu/) because it is not compatible with this Python
  Skipping https://pypi.python.org/packages/b0/27/d9728a537b556845abaa23084834e286072e0a688b701353183656cf45a2/tensorflow_gpu-0.12.0-cp27-cp27m-macosx_10_11_intel.whl#md5=50e2b86aff959b9874eeee8dd5d675fa (from https://pypi.python.org/simple/tensorflow-gpu/) because it is not compatible with this Python
  Skipping https://pypi.python.org/packages/b1/8b/b525c4352039c000819b6e122b7cd5cb5a76fe6a25cb3ca5ddeead9f2da3/tensorflow_gpu-0.12.1-cp35-cp35m-win_amd64.whl#md5=9759ac0bfbdf25176046c6f462c3e8ff (from https://pypi.python.org/simple/tensorflow-gpu/) because it is not compatible with this Python
  Skipping https://pypi.python.org/packages/b6/42/5a26e8ed1d687661342f6fc2c807c1df150f7457e3fe14a23237f600bc14/tensorflow_gpu-0.12.0rc1-cp27-cp27mu-manylinux1_x86_64.whl#md5=594bec09cbda14d9ae587f1b0ce319d2 (from https://pypi.python.org/simple/tensorflow-gpu/) because it is not compatible with this Python
  Skipping https://pypi.python.org/packages/b8/76/7c746ffc96dd4eaa230b22ea06a965a480f7f6db5a7f7f7dcc1ae749e6ca/tensorflow_gpu-1.0.1-cp35-cp35m-win_amd64.whl#md5=f330d0aeacbd0fc76084764d16b1eed0 (from https://pypi.python.org/simple/tensorflow-gpu/) because it is not compatible with this Python
  Skipping https://pypi.python.org/packages/b8/8b/55f0106a8c52277778c76a160bb78f3d8c4cf138c72dfe135ed72ae54397/tensorflow_gpu-1.1.0rc0-cp35-cp35m-win_amd64.whl#md5=06e97dfe67b4224320fcf558e67c9a96 (from https://pypi.python.org/simple/tensorflow-gpu/) because it is not compatible with this Python
  Skipping https://pypi.python.org/packages/ba/84/0bcc82b450eabe04c445969349f0e590b27ec516099c13a38da05f1299d9/tensorflow_gpu-1.1.0rc2-cp33-cp33m-manylinux1_x86_64.whl#md5=7c5571515a0a5ef15aed10db698e5f41 (from https://pypi.python.org/simple/tensorflow-gpu/) because it is not compatible with this Python
  Skipping https://pypi.python.org/packages/bd/7b/a8e0626d77ee43248971c6c771512137e0ac8128731878f80ca5d4fdec09/tensorflow_gpu-1.1.0rc1-cp33-cp33m-manylinux1_x86_64.whl#md5=12558e16f85430df98c05f8c36ff30a2 (from https://pypi.python.org/simple/tensorflow-gpu/) because it is not compatible with this Python
  Skipping https://pypi.python.org/packages/c0/e8/bb0efa290731d4693073589ab0ce2038a4654a61604ffa8cba6f736c3b06/tensorflow_gpu-1.0.0-cp35-cp35m-win_amd64.whl#md5=99186695330564f2303eaac5fb381dc4 (from https://pypi.python.org/simple/tensorflow-gpu/) because it is not compatible with this Python
  Skipping https://pypi.python.org/packages/c0/eb/9a92c8ff72b3ffc6cf00a86394db5944772325e47e6d1e8dd6a12fb068ef/tensorflow_gpu-1.1.0rc1-cp35-cp35m-macosx_10_11_x86_64.whl#md5=3cbc1971c780e25717bbd0479ec9c80a (from https://pypi.python.org/simple/tensorflow-gpu/) because it is not compatible with this Python
  Skipping https://pypi.python.org/packages/c4/5f/c3e30237047c7e4b8ef27d62dfd9ddb9941c3ec011bebfce0ba1525e28e0/tensorflow_gpu-1.1.0rc1-cp33-cp33m-macosx_10_11_x86_64.whl#md5=4725ce2b01f074cfc546a94488dad558 (from https://pypi.python.org/simple/tensorflow-gpu/) because it is not compatible with this Python
  Skipping https://pypi.python.org/packages/cc/8e/84670a077f78f8b7dca0d6da0873203befbaf9a5100b3bb55a8d9100c156/tensorflow_gpu-1.0.1-cp33-cp33m-manylinux1_x86_64.whl#md5=6bc9ed1a22c70c0eb99a3578d74727a0 (from https://pypi.python.org/simple/tensorflow-gpu/) because it is not compatible with this Python
  Skipping https://pypi.python.org/packages/cd/fa/37080d27f5ed0a4f3ac937bf74d18e20d3abe057d4176a3cd012fac9f093/tensorflow_gpu-1.1.0rc2-cp34-cp34m-manylinux1_x86_64.whl#md5=9e353b0953df89c9b2ca63bc9492052b (from https://pypi.python.org/simple/tensorflow-gpu/) because it is not compatible with this Python
  Skipping https://pypi.python.org/packages/ce/9e/30335222fd633fe362a86352f47e714035ba380375d89d13dabb256c33f4/tensorflow_gpu-1.0.1-cp35-cp35m-macosx_10_11_x86_64.whl#md5=44f7f6dee748319504b4dd39cd5cf732 (from https://pypi.python.org/simple/tensorflow-gpu/) because it is not compatible with this Python
  Skipping https://pypi.python.org/packages/d6/54/f7cf39483b16c25a8c132dc0b81aea2ae91e367da749f17dddeaf739123a/tensorflow_gpu-1.1.0rc1-cp36-cp36m-macosx_10_11_x86_64.whl#md5=92e696253d0a60f0b68e86c1de90062b (from https://pypi.python.org/simple/tensorflow-gpu/) because it is not compatible with this Python
  Skipping https://pypi.python.org/packages/dc/1b/4c69ecf43c4fe3a04912e7f185c8e395c6b93c62c77d0371d60a09ee9b74/tensorflow_gpu-1.0.1-cp36-cp36m-manylinux1_x86_64.whl#md5=5d2f6b36a217a3add779f4b3a235ca72 (from https://pypi.python.org/simple/tensorflow-gpu/) because it is not compatible with this Python
  Skipping https://pypi.python.org/packages/dd/81/fb8476f123116a7e7e0767914951bb0d0f9946d1f13b217ad1ae08218d17/tensorflow_gpu-1.1.0rc0-cp27-cp27m-macosx_10_12_x86_64.whl#md5=1b615a782f4a67d13b21c012457b5655 (from https://pypi.python.org/simple/tensorflow-gpu/) because it is not compatible with this Python
  Skipping https://pypi.python.org/packages/de/19/8e3bb650c9bd197e786eeb825f6c35517b91255f8db5a076c02a77deeb0e/tensorflow_gpu-1.1.0rc1-cp34-cp34m-manylinux1_x86_64.whl#md5=c6db14eba8b977bf678f6b812e99f414 (from https://pypi.python.org/simple/tensorflow-gpu/) because it is not compatible with this Python
  Skipping https://pypi.python.org/packages/e0/b4/69e60910e5fb600d1203b6eaac8361741ed407855e45e41ba2dcfda88aa0/tensorflow_gpu-0.12.0-cp35-cp35m-macosx_10_11_x86_64.whl#md5=88765a6f1f425df5ca58a12beb95b339 (from https://pypi.python.org/simple/tensorflow-gpu/) because it is not compatible with this Python
  Skipping https://pypi.python.org/packages/e0/fe/9fb7fff32441dff89e00b359dade48f5f071127d604a7259fb6ee1f43e4f/tensorflow_gpu-0.12.0rc0-cp27-cp27mu-manylinux1_x86_64.whl#md5=2216716141fdb265dbd3c31393d196bd (from https://pypi.python.org/simple/tensorflow-gpu/) because it is not compatible with this Python
  Skipping https://pypi.python.org/packages/e3/6b/fa7ba3fbe364b74d5432d95f3622495fd4581d07e58e3bdd65c9f9400785/tensorflow_gpu-1.1.0rc2-cp27-cp27mu-manylinux1_x86_64.whl#md5=b31a540869c0d1ce4439166c554bcd52 (from https://pypi.python.org/simple/tensorflow-gpu/) because it is not compatible with this Python
  Skipping https://pypi.python.org/packages/e6/50/1da81909a26cedf5392570506b3b969a5a91d734cb1452229e1d469b7d46/tensorflow_gpu-1.1.0rc2-cp33-cp33m-macosx_10_11_x86_64.whl#md5=a6d5a425ff1b2d62619709f15d21392c (from https://pypi.python.org/simple/tensorflow-gpu/) because it is not compatible with this Python
  Skipping https://pypi.python.org/packages/ea/5e/226926f6ac15b0ebd77d082909abf18e2c0cc1a4494e07b551e94127a72b/tensorflow_gpu-1.1.0rc1-cp27-cp27mu-manylinux1_x86_64.whl#md5=22bf9448fa7be438163f0ca074fb6cfc (from https://pypi.python.org/simple/tensorflow-gpu/) because it is not compatible with this Python
  Skipping https://pypi.python.org/packages/ea/a6/b412d10426db1cf4d166d358cdbc4fd5b0bc4d70900bba2311184da81ecb/tensorflow_gpu-1.1.0rc0-cp35-cp35m-manylinux1_x86_64.whl#md5=742a8685aa58677f6c6392e49e0515d5 (from https://pypi.python.org/simple/tensorflow-gpu/) because it is not compatible with this Python
  Skipping https://pypi.python.org/packages/ed/cf/113d0425bb2b2aee09b79e6445b8acdf5bfa49d60ca1c4d96651a1116885/tensorflow_gpu-1.1.0rc1-cp35-cp35m-manylinux1_x86_64.whl#md5=f448848a2485982c294e40e2aff03d3f (from https://pypi.python.org/simple/tensorflow-gpu/) because it is not compatible with this Python
  Skipping https://pypi.python.org/packages/f1/c9/6b9a2844f58f8d3e29b1ba34ffe4b358b1cc5d1b9e36fe5ebc9d51edeaa3/tensorflow_gpu-0.12.0rc0-cp35-cp35m-win_amd64.whl#md5=8e1a8e29a8ea5cf01f187f2809dc7357 (from https://pypi.python.org/simple/tensorflow-gpu/) because it is not compatible with this Python
Could not find any downloads that satisfy the requirement tensorflow-gpu in /usr/local/lib/python2.7/dist-packages
Downloading/unpacking tensorflow-gpu
Cleaning up...
  Removing temporary dir /tmp/pip_build_bhso...
No distributions at all found for tensorflow-gpu in /usr/local/lib/python2.7/dist-packages
Exception information:
Traceback (most recent call last):
  File "/usr/lib/python2.7/dist-packages/pip/basecommand.py", line 122, in main
    status = self.run(options, args)
  File "/usr/lib/python2.7/dist-packages/pip/commands/install.py", line 278, in run
    requirement_set.prepare_files(finder, force_root_egg_info=self.bundle, bundle=self.bundle)
  File "/usr/lib/python2.7/dist-packages/pip/req.py", line 1177, in prepare_files
    raise not_found
DistributionNotFound: No distributions at all found for tensorflow-gpu in /usr/local/lib/python2.7/dist-packages
